d:\users\б16-503\kutuzov\lab2\library\application\debug\application.pch
d:\users\б16-503\kutuzov\lab2\library\application\debug\vc120.pdb
d:\users\б16-503\kutuzov\lab2\library\application\debug\vc120.idb
d:\users\б16-503\kutuzov\lab2\library\application\debug\stdafx.obj
d:\users\б16-503\kutuzov\lab2\library\debug\application.pdb
d:\users\б16-503\kutuzov\lab2\library\application\debug\application.tlog\cl.command.1.tlog
d:\users\б16-503\kutuzov\lab2\library\application\debug\application.tlog\cl.read.1.tlog
d:\users\б16-503\kutuzov\lab2\library\application\debug\application.tlog\cl.write.1.tlog
d:\users\б16-503\kutuzov\lab2\library\application\debug\application.tlog\link-cvtres.read.1.tlog
d:\users\б16-503\kutuzov\lab2\library\application\debug\application.tlog\link-cvtres.write.1.tlog
d:\users\б16-503\kutuzov\lab2\library\application\debug\application.tlog\link-rc.read.1.tlog
d:\users\б16-503\kutuzov\lab2\library\application\debug\application.tlog\link-rc.write.1.tlog
d:\users\б16-503\kutuzov\lab2\library\application\debug\application.tlog\link.5868-cvtres.read.1.tlog
d:\users\б16-503\kutuzov\lab2\library\application\debug\application.tlog\link.5868-cvtres.write.1.tlog
d:\users\б16-503\kutuzov\lab2\library\application\debug\application.tlog\link.5868-rc.read.1.tlog
d:\users\б16-503\kutuzov\lab2\library\application\debug\application.tlog\link.5868-rc.write.1.tlog
d:\users\б16-503\kutuzov\lab2\library\application\debug\application.tlog\link.5868.read.1.tlog
d:\users\б16-503\kutuzov\lab2\library\application\debug\application.tlog\link.5868.write.1.tlog
d:\users\б16-503\kutuzov\lab2\library\application\debug\application.tlog\link.command.1.tlog
d:\users\б16-503\kutuzov\lab2\library\application\debug\application.tlog\link.read.1.tlog
d:\users\б16-503\kutuzov\lab2\library\application\debug\application.tlog\link.write.1.tlog
