c:\users\hp\desktop\lab4.6\qtgui\library\debug\library.pch
c:\users\hp\desktop\lab4.6\qtgui\library\debug\library.pdb
c:\users\hp\desktop\lab4.6\qtgui\library\debug\library.idb
c:\users\hp\desktop\lab4.6\qtgui\library\debug\stdafx.obj
c:\users\hp\desktop\lab4.6\qtgui\library\debug\armament_description.obj
c:\users\hp\desktop\lab4.6\qtgui\library\debug\convoy.obj
c:\users\hp\desktop\lab4.6\qtgui\library\debug\guard.obj
c:\users\hp\desktop\lab4.6\qtgui\library\debug\library.obj
c:\users\hp\desktop\lab4.6\qtgui\library\debug\person.obj
c:\users\hp\desktop\lab4.6\qtgui\library\debug\ship.obj
c:\users\hp\desktop\lab4.6\qtgui\library\debug\table.obj
c:\users\hp\desktop\lab4.6\qtgui\library\debug\transport.obj
c:\users\hp\desktop\lab4.6\qtgui\library\debug\warship.obj
c:\users\hp\desktop\lab4.6\qtgui\debug\library.lib
c:\users\hp\desktop\lab4.6\qtgui\debug\library.pdb
c:\users\hp\desktop\lab4.6\qtgui\library\debug\library.tlog\cl.command.1.tlog
c:\users\hp\desktop\lab4.6\qtgui\library\debug\library.tlog\cl.read.1.tlog
c:\users\hp\desktop\lab4.6\qtgui\library\debug\library.tlog\cl.write.1.tlog
c:\users\hp\desktop\lab4.6\qtgui\library\debug\library.tlog\lib-link.read.1.tlog
c:\users\hp\desktop\lab4.6\qtgui\library\debug\library.tlog\lib-link.write.1.tlog
c:\users\hp\desktop\lab4.6\qtgui\library\debug\library.tlog\lib.command.1.tlog
