ChangeGuns.obj : error LNK2019: ссылка на неразрешенный внешний символ "public: class lab4::Armament_Description & __thiscall lab4::Armament_Description::setAmm(int)" (?setAmm@Armament_Description@lab4@@QAEAAV12@H@Z) в функции "private: void __thiscall ChangeGuns::saveGuns(void)" (?saveGuns@ChangeGuns@@AAEXXZ)
NewShip.obj : error LNK2001: неразрешенный внешний символ ""public: class lab4::Armament_Description & __thiscall lab4::Armament_Description::setAmm(int)" (?setAmm@Armament_Description@lab4@@QAEAAV12@H@Z)"
ChangeGuns.obj : error LNK2019: ссылка на неразрешенный внешний символ "public: class lab4::Armament_Description & __thiscall lab4::Armament_Description::setCal(double)" (?setCal@Armament_Description@lab4@@QAEAAV12@N@Z) в функции "private: void __thiscall ChangeGuns::saveGuns(void)" (?saveGuns@ChangeGuns@@AAEXXZ)
NewShip.obj : error LNK2001: неразрешенный внешний символ ""public: class lab4::Armament_Description & __thiscall lab4::Armament_Description::setCal(double)" (?setCal@Armament_Description@lab4@@QAEAAV12@N@Z)"
ChangeGuns.obj : error LNK2019: ссылка на неразрешенный внешний символ "public: class lab4::Armament_Description & __thiscall lab4::Armament_Description::setRange(double)" (?setRange@Armament_Description@lab4@@QAEAAV12@N@Z) в функции "private: void __thiscall ChangeGuns::saveGuns(void)" (?saveGuns@ChangeGuns@@AAEXXZ)
NewShip.obj : error LNK2001: неразрешенный внешний символ ""public: class lab4::Armament_Description & __thiscall lab4::Armament_Description::setRange(double)" (?setRange@Armament_Description@lab4@@QAEAAV12@N@Z)"
ChangeGuns.obj : error LNK2019: ссылка на неразрешенный внешний символ "public: class lab4::Armament_Description & __thiscall lab4::Armament_Description::setLoc(int)" (?setLoc@Armament_Description@lab4@@QAEAAV12@H@Z) в функции "private: void __thiscall ChangeGuns::saveGuns(void)" (?saveGuns@ChangeGuns@@AAEXXZ)
NewShip.obj : error LNK2001: неразрешенный внешний символ ""public: class lab4::Armament_Description & __thiscall lab4::Armament_Description::setLoc(int)" (?setLoc@Armament_Description@lab4@@QAEAAV12@H@Z)"
NewShip.obj : error LNK2001: неразрешенный внешний символ ""public: __thiscall lab4::Armament_Description::~Armament_Description(void)" (??1Armament_Description@lab4@@QAE@XZ)"
QtGui.obj : error LNK2001: неразрешенный внешний символ ""public: __thiscall lab4::Armament_Description::~Armament_Description(void)" (??1Armament_Description@lab4@@QAE@XZ)"
ChangeGuns.obj : error LNK2001: неразрешенный внешний символ ""public: __thiscall lab4::Armament_Description::~Armament_Description(void)" (??1Armament_Description@lab4@@QAE@XZ)"
ConvoyMenu.obj : error LNK2001: неразрешенный внешний символ ""public: __thiscall lab4::Armament_Description::~Armament_Description(void)" (??1Armament_Description@lab4@@QAE@XZ)"
InfoShip.obj : error LNK2001: неразрешенный внешний символ ""public: __thiscall lab4::Armament_Description::~Armament_Description(void)" (??1Armament_Description@lab4@@QAE@XZ)"
ModernShip.obj : error LNK2001: неразрешенный внешний символ ""public: __thiscall lab4::Armament_Description::~Armament_Description(void)" (??1Armament_Description@lab4@@QAE@XZ)"
ConvoyMenu.obj : error LNK2019: ссылка на неразрешенный внешний символ "public: __thiscall lab4::Element::Element(struct lab4::Element const &)" (??0Element@lab4@@QAE@ABU01@@Z) в функции "private: void __thiscall ConvoyMenu::add_elem(void)" (?add_elem@ConvoyMenu@@AAEXXZ)
ConvoyMenu.obj : error LNK2019: ссылка на неразрешенный внешний символ "public: class vctr::VectIt<struct lab4::Element> __thiscall lab4::Table::cur(int)" (?cur@Table@lab4@@QAE?AV?$VectIt@UElement@lab4@@@vctr@@H@Z) в функции "private: void __thiscall ConvoyMenu::add_elem(void)" (?add_elem@ConvoyMenu@@AAEXXZ)
InfoShip.obj : error LNK2001: неразрешенный внешний символ ""public: class vctr::VectIt<struct lab4::Element> __thiscall lab4::Table::cur(int)" (?cur@Table@lab4@@QAE?AV?$VectIt@UElement@lab4@@@vctr@@H@Z)"
ModernShip.obj : error LNK2001: неразрешенный внешний символ ""public: class vctr::VectIt<struct lab4::Element> __thiscall lab4::Table::cur(int)" (?cur@Table@lab4@@QAE?AV?$VectIt@UElement@lab4@@@vctr@@H@Z)"
ConvoyMenu.obj : error LNK2019: ссылка на неразрешенный внешний символ "public: int __thiscall lab4::Convoy::count(int)" (?count@Convoy@lab4@@QAEHH@Z) в функции "private: void __thiscall ConvoyMenu::dist(void)" (?dist@ConvoyMenu@@AAEXXZ)
Input2Index.obj : error LNK2001: неразрешенный внешний символ ""public: int __thiscall lab4::Convoy::count(int)" (?count@Convoy@lab4@@QAEHH@Z)"
Sea.obj : error LNK2001: неразрешенный внешний символ ""public: int __thiscall lab4::Convoy::count(int)" (?count@Convoy@lab4@@QAEHH@Z)"
ConvoyMenu.obj : error LNK2019: ссылка на неразрешенный внешний символ "public: int __thiscall lab4::Convoy::size(void)" (?size@Convoy@lab4@@QAEHXZ) в функции "public: void __thiscall ConvoyMenu::add_box(void)" (?add_box@ConvoyMenu@@QAEXXZ)
ConvoyMenu.obj : error LNK2019: ссылка на неразрешенный внешний символ "public: class lab4::Convoy & __thiscall lab4::Convoy::deleteShip(int)" (?deleteShip@Convoy@lab4@@QAEAAV12@H@Z) в функции "private: void __thiscall ConvoyMenu::delete_ship(void)" (?delete_ship@ConvoyMenu@@AAEXXZ)
ConvoyMenu.obj : error LNK2019: ссылка на неразрешенный внешний символ "public: class lab4::Convoy & __thiscall lab4::Convoy::distribute(double)" (?distribute@Convoy@lab4@@QAEAAV12@N@Z) в функции "private: void __thiscall ConvoyMenu::dist(void)" (?dist@ConvoyMenu@@AAEXXZ)
ConvoyMenu.obj : error LNK2019: ссылка на неразрешенный внешний символ "public: int __thiscall lab4::Convoy::Save_Convoy_in_file(class std::basic_string<char,struct std::char_traits<char>,class std::allocator<char> > const &)" (?Save_Convoy_in_file@Convoy@lab4@@QAEHABV?$basic_string@DU?$char_traits@D@std@@V?$allocator@D@2@@std@@@Z) в функции "protected: virtual void __thiscall ConvoyMenu::closeEvent(class QCloseEvent *)" (?closeEvent@ConvoyMenu@@MAEXPAVQCloseEvent@@@Z)
ConvoyMenu.obj : error LNK2019: ссылка на неразрешенный внешний символ "public: __thiscall lab4::Guard::Guard(void)" (??0Guard@lab4@@QAE@XZ) в функции "private: void __thiscall ConvoyMenu::include(void)" (?include@ConvoyMenu@@AAEXXZ)
ConvoyMenu.obj : error LNK2019: ссылка на неразрешенный внешний символ "public: __thiscall lab4::Transport::Transport(void)" (??0Transport@lab4@@QAE@XZ) в функции "private: void __thiscall ConvoyMenu::include(void)" (?include@ConvoyMenu@@AAEXXZ)
ConvoyMenu.obj : error LNK2019: ссылка на неразрешенный внешний символ "public: __thiscall lab4::Warship::Warship(void)" (??0Warship@lab4@@QAE@XZ) в функции "private: void __thiscall ConvoyMenu::include(void)" (?include@ConvoyMenu@@AAEXXZ)
InfoShip.obj : error LNK2019: ссылка на неразрешенный внешний символ "public: int __thiscall lab4::Guard::getAmm(int)" (?getAmm@Guard@lab4@@QAEHH@Z) в функции "private: void __thiscall InfoShip::ShowGun(int)" (?ShowGun@InfoShip@@AAEXH@Z)
InfoShip.obj : error LNK2019: ссылка на неразрешенный внешний символ "public: double __thiscall lab4::Guard::getCal(int)" (?getCal@Guard@lab4@@QAENH@Z) в функции "private: void __thiscall InfoShip::ShowGun(int)" (?ShowGun@InfoShip@@AAEXH@Z)
InfoShip.obj : error LNK2019: ссылка на неразрешенный внешний символ "public: double __thiscall lab4::Guard::getRange(int)" (?getRange@Guard@lab4@@QAENH@Z) в функции "private: void __thiscall InfoShip::ShowGun(int)" (?ShowGun@InfoShip@@AAEXH@Z)
InfoShip.obj : error LNK2019: ссылка на неразрешенный внешний символ "public: int __thiscall lab4::Guard::getLoc(int)" (?getLoc@Guard@lab4@@QAEHH@Z) в функции "private: void __thiscall InfoShip::ShowGun(int)" (?ShowGun@InfoShip@@AAEXH@Z)
Input2Index.obj : error LNK2019: ссылка на неразрешенный внешний символ "public: int __thiscall lab4::Convoy::writeType(int * &,int)" (?writeType@Convoy@lab4@@QAEHAAPAHH@Z) в функции "public: void __thiscall Input2Index::fulfill(void)" (?fulfill@Input2Index@@QAEXXZ)
Input2Index.obj : error LNK2019: ссылка на неразрешенный внешний символ "public: class lab4::Convoy & __thiscall lab4::Convoy::modern(int,int)" (?modern@Convoy@lab4@@QAEAAV12@HH@Z) в функции "private: void __thiscall Input2Index::mod(void)" (?mod@Input2Index@@AAEXXZ)
ModernShip.obj : error LNK2019: ссылка на неразрешенный внешний символ "public: class lab4::Ship & __thiscall lab4::Ship::setRank(class std::basic_string<char,struct std::char_traits<char>,class std::allocator<char> > const &)" (?setRank@Ship@lab4@@QAEAAV12@ABV?$basic_string@DU?$char_traits@D@std@@V?$allocator@D@2@@std@@@Z) в функции "private: void __thiscall ModernShip::changedata(void)" (?changedata@ModernShip@@AAEXXZ)
NewShip.obj : error LNK2001: неразрешенный внешний символ ""public: class lab4::Ship & __thiscall lab4::Ship::setRank(class std::basic_string<char,struct std::char_traits<char>,class std::allocator<char> > const &)" (?setRank@Ship@lab4@@QAEAAV12@ABV?$basic_string@DU?$char_traits@D@std@@V?$allocator@D@2@@std@@@Z)"
ModernShip.obj : error LNK2019: ссылка на неразрешенный внешний символ "public: class lab4::Ship & __thiscall lab4::Ship::setName(class std::basic_string<char,struct std::char_traits<char>,class std::allocator<char> > const &)" (?setName@Ship@lab4@@QAEAAV12@ABV?$basic_string@DU?$char_traits@D@std@@V?$allocator@D@2@@std@@@Z) в функции "private: void __thiscall ModernShip::changedata(void)" (?changedata@ModernShip@@AAEXXZ)
NewShip.obj : error LNK2001: неразрешенный внешний символ ""public: class lab4::Ship & __thiscall lab4::Ship::setName(class std::basic_string<char,struct std::char_traits<char>,class std::allocator<char> > const &)" (?setName@Ship@lab4@@QAEAAV12@ABV?$basic_string@DU?$char_traits@D@std@@V?$allocator@D@2@@std@@@Z)"
ModernShip.obj : error LNK2019: ссылка на неразрешенный внешний символ "public: class lab4::Ship & __thiscall lab4::Ship::setFamily(class std::basic_string<char,struct std::char_traits<char>,class std::allocator<char> > const &)" (?setFamily@Ship@lab4@@QAEAAV12@ABV?$basic_string@DU?$char_traits@D@std@@V?$allocator@D@2@@std@@@Z) в функции "private: void __thiscall ModernShip::changedata(void)" (?changedata@ModernShip@@AAEXXZ)
NewShip.obj : error LNK2001: неразрешенный внешний символ ""public: class lab4::Ship & __thiscall lab4::Ship::setFamily(class std::basic_string<char,struct std::char_traits<char>,class std::allocator<char> > const &)" (?setFamily@Ship@lab4@@QAEAAV12@ABV?$basic_string@DU?$char_traits@D@std@@V?$allocator@D@2@@std@@@Z)"
ModernShip.obj : error LNK2019: ссылка на неразрешенный внешний символ "public: class lab4::Ship & __thiscall lab4::Ship::setPatronymic(class std::basic_string<char,struct std::char_traits<char>,class std::allocator<char> > const &)" (?setPatronymic@Ship@lab4@@QAEAAV12@ABV?$basic_string@DU?$char_traits@D@std@@V?$allocator@D@2@@std@@@Z) в функции "private: void __thiscall ModernShip::changedata(void)" (?changedata@ModernShip@@AAEXXZ)
NewShip.obj : error LNK2001: неразрешенный внешний символ ""public: class lab4::Ship & __thiscall lab4::Ship::setPatronymic(class std::basic_string<char,struct std::char_traits<char>,class std::allocator<char> > const &)" (?setPatronymic@Ship@lab4@@QAEAAV12@ABV?$basic_string@DU?$char_traits@D@std@@V?$allocator@D@2@@std@@@Z)"
ModernShip.obj : error LNK2019: ссылка на неразрешенный внешний символ "public: class lab4::Ship & __thiscall lab4::Ship::setExperience(int)" (?setExperience@Ship@lab4@@QAEAAV12@H@Z) в функции "private: void __thiscall ModernShip::changedata(void)" (?changedata@ModernShip@@AAEXXZ)
NewShip.obj : error LNK2001: неразрешенный внешний символ ""public: class lab4::Ship & __thiscall lab4::Ship::setExperience(int)" (?setExperience@Ship@lab4@@QAEAAV12@H@Z)"
ModernShip.obj : error LNK2019: ссылка на неразрешенный внешний символ "public: class lab4::Ship & __thiscall lab4::Ship::setDra(int)" (?setDra@Ship@lab4@@QAEAAV12@H@Z) в функции "private: void __thiscall ModernShip::changedata(void)" (?changedata@ModernShip@@AAEXXZ)
NewShip.obj : error LNK2001: неразрешенный внешний символ ""public: class lab4::Ship & __thiscall lab4::Ship::setDra(int)" (?setDra@Ship@lab4@@QAEAAV12@H@Z)"
ModernShip.obj : error LNK2019: ссылка на неразрешенный внешний символ "public: class lab4::Ship & __thiscall lab4::Ship::setQuan(int)" (?setQuan@Ship@lab4@@QAEAAV12@H@Z) в функции "private: void __thiscall ModernShip::changedata(void)" (?changedata@ModernShip@@AAEXXZ)
NewShip.obj : error LNK2001: неразрешенный внешний символ ""public: class lab4::Ship & __thiscall lab4::Ship::setQuan(int)" (?setQuan@Ship@lab4@@QAEAAV12@H@Z)"
ModernShip.obj : error LNK2019: ссылка на неразрешенный внешний символ "public: class lab4::Ship & __thiscall lab4::Ship::setMax(double)" (?setMax@Ship@lab4@@QAEAAV12@N@Z) в функции "private: void __thiscall ModernShip::changedata(void)" (?changedata@ModernShip@@AAEXXZ)
NewShip.obj : error LNK2001: неразрешенный внешний символ ""public: class lab4::Ship & __thiscall lab4::Ship::setMax(double)" (?setMax@Ship@lab4@@QAEAAV12@N@Z)"
ModernShip.obj : error LNK2019: ссылка на неразрешенный внешний символ "public: class lab4::Ship & __thiscall lab4::Ship::setShipName(class std::basic_string<char,struct std::char_traits<char>,class std::allocator<char> > const &)" (?setShipName@Ship@lab4@@QAEAAV12@ABV?$basic_string@DU?$char_traits@D@std@@V?$allocator@D@2@@std@@@Z) в функции "private: void __thiscall ModernShip::changedata(void)" (?changedata@ModernShip@@AAEXXZ)
NewShip.obj : error LNK2001: неразрешенный внешний символ ""public: class lab4::Ship & __thiscall lab4::Ship::setShipName(class std::basic_string<char,struct std::char_traits<char>,class std::allocator<char> > const &)" (?setShipName@Ship@lab4@@QAEAAV12@ABV?$basic_string@DU?$char_traits@D@std@@V?$allocator@D@2@@std@@@Z)"
ModernShip.obj : error LNK2019: ссылка на неразрешенный внешний символ "public: class lab4::Transport & __thiscall lab4::Transport::Speed(void)" (?Speed@Transport@lab4@@QAEAAV12@XZ) в функции "private: void __thiscall ModernShip::changedata(void)" (?changedata@ModernShip@@AAEXXZ)
NewShip.obj : error LNK2001: неразрешенный внешний символ ""public: class lab4::Transport & __thiscall lab4::Transport::Speed(void)" (?Speed@Transport@lab4@@QAEAAV12@XZ)"
ModernShip.obj : error LNK2019: ссылка на неразрешенный внешний символ "public: class lab4::Transport & __thiscall lab4::Transport::setMass(double)" (?setMass@Transport@lab4@@QAEAAV12@N@Z) в функции "private: void __thiscall ModernShip::changedata(void)" (?changedata@ModernShip@@AAEXXZ)
NewShip.obj : error LNK2001: неразрешенный внешний символ ""public: class lab4::Transport & __thiscall lab4::Transport::setMass(double)" (?setMass@Transport@lab4@@QAEAAV12@N@Z)"
ModernShip.obj : error LNK2019: ссылка на неразрешенный внешний символ "public: class lab4::Table & __thiscall lab4::Table::setShip(class lab4::Ship *,int)" (?setShip@Table@lab4@@QAEAAV12@PAVShip@2@H@Z) в функции "private: void __thiscall ModernShip::changedata(void)" (?changedata@ModernShip@@AAEXXZ)
NewShip.obj : error LNK2019: ссылка на неразрешенный внешний символ "public: __thiscall lab4::Armament_Description::Armament_Description(void)" (??0Armament_Description@lab4@@QAE@XZ) в функции "public: void __thiscall vctr::vector<class lab4::Armament_Description>::push_back(class lab4::Armament_Description const &)" (?push_back@?$vector@VArmament_Description@lab4@@@vctr@@QAEXABVArmament_Description@lab4@@@Z)
NewShip.obj : error LNK2019: ссылка на неразрешенный внешний символ "public: class lab4::Table & __thiscall lab4::Table::includeElem(struct lab4::Element &)" (?includeElem@Table@lab4@@QAEAAV12@AAUElement@2@@Z) в функции "private: struct lab4::Element __thiscall NewShip::read(void)" (?read@NewShip@@AAE?AUElement@lab4@@XZ)
NewShip.obj : error LNK2019: ссылка на неразрешенный внешний символ "public: void __thiscall lab4::Guard::setGun(class vctr::vector<class lab4::Armament_Description> &)" (?setGun@Guard@lab4@@QAEXAAV?$vector@VArmament_Description@lab4@@@vctr@@@Z) в функции "private: struct lab4::Element __thiscall NewShip::read(void)" (?read@NewShip@@AAE?AUElement@lab4@@XZ)
QtGui.obj : error LNK2019: ссылка на неразрешенный внешний символ "public: __thiscall lab4::Convoy::Convoy(void)" (??0Convoy@lab4@@QAE@XZ) в функции "void __cdecl `dynamic initializer for 'convoy''(void)" (??__Econvoy@@YAXXZ)
QtGui.obj : error LNK2019: ссылка на неразрешенный внешний символ "public: class lab4::Convoy & __thiscall lab4::Convoy::ReadFromFile(class std::basic_string<char,struct std::char_traits<char>,class std::allocator<char> > const &)" (?ReadFromFile@Convoy@lab4@@QAEAAV12@ABV?$basic_string@DU?$char_traits@D@std@@V?$allocator@D@2@@std@@@Z) в функции "private: void __thiscall QtGui::file_opened(class QString)" (?file_opened@QtGui@@AAEXVQString@@@Z)
QtGui.obj : error LNK2019: ссылка на неразрешенный внешний символ "public: __thiscall lab4::Convoy::~Convoy(void)" (??1Convoy@lab4@@QAE@XZ) в функции "void __cdecl `dynamic atexit destructor for 'convoy''(void)" (??__Fconvoy@@YAXXZ)
C:\Users\HP\Desktop\C++\Lab4.6\QtGui\Win32\Release\\QtGui.exe : fatal error LNK1120: неразрешенных внешних элементов: 39
